[2024-10-06T04:51:52.615+0000] {processor.py:186} INFO - Started process (PID=5038) to work on /opt/airflow/dags/multiple_task.py
[2024-10-06T04:51:52.616+0000] {processor.py:914} INFO - Processing file /opt/airflow/dags/multiple_task.py for tasks to queue
[2024-10-06T04:51:52.617+0000] {logging_mixin.py:190} INFO - [2024-10-06T04:51:52.617+0000] {dagbag.py:588} INFO - Filling up the DagBag from /opt/airflow/dags/multiple_task.py
[2024-10-06T04:51:52.625+0000] {processor.py:925} INFO - DAG(s) 'multiple_tasks_irdam' retrieved from /opt/airflow/dags/multiple_task.py
[2024-10-06T04:51:52.715+0000] {logging_mixin.py:190} INFO - [2024-10-06T04:51:52.715+0000] {override.py:1900} INFO - Created Permission View: can read on DAG:multiple_tasks_irdam
[2024-10-06T04:51:52.725+0000] {logging_mixin.py:190} INFO - [2024-10-06T04:51:52.724+0000] {override.py:1900} INFO - Created Permission View: can edit on DAG:multiple_tasks_irdam
[2024-10-06T04:51:52.732+0000] {logging_mixin.py:190} INFO - [2024-10-06T04:51:52.731+0000] {override.py:1900} INFO - Created Permission View: can delete on DAG:multiple_tasks_irdam
[2024-10-06T04:51:52.743+0000] {logging_mixin.py:190} INFO - [2024-10-06T04:51:52.742+0000] {override.py:1900} INFO - Created Permission View: can read on DAG Run:multiple_tasks_irdam
[2024-10-06T04:51:52.750+0000] {logging_mixin.py:190} INFO - [2024-10-06T04:51:52.750+0000] {override.py:1900} INFO - Created Permission View: can create on DAG Run:multiple_tasks_irdam
[2024-10-06T04:51:52.758+0000] {logging_mixin.py:190} INFO - [2024-10-06T04:51:52.758+0000] {override.py:1900} INFO - Created Permission View: menu access on DAG Run:multiple_tasks_irdam
[2024-10-06T04:51:52.768+0000] {logging_mixin.py:190} INFO - [2024-10-06T04:51:52.767+0000] {override.py:1900} INFO - Created Permission View: can delete on DAG Run:multiple_tasks_irdam
[2024-10-06T04:51:52.768+0000] {logging_mixin.py:190} INFO - [2024-10-06T04:51:52.768+0000] {dag.py:3239} INFO - Sync 1 DAGs
[2024-10-06T04:51:52.778+0000] {logging_mixin.py:190} INFO - [2024-10-06T04:51:52.777+0000] {dag.py:3262} INFO - Creating ORM DAG for multiple_tasks_irdam
[2024-10-06T04:51:52.786+0000] {logging_mixin.py:190} INFO - [2024-10-06T04:51:52.786+0000] {dag.py:4180} INFO - Setting next_dagrun for multiple_tasks_irdam to 2024-10-06 03:00:00+00:00, run_after=2024-10-06 04:00:00+00:00
[2024-10-06T04:51:52.802+0000] {processor.py:208} INFO - Processing /opt/airflow/dags/multiple_task.py took 0.191 seconds
[2024-10-06T04:52:07.011+0000] {processor.py:186} INFO - Started process (PID=5084) to work on /opt/airflow/dags/multiple_task.py
[2024-10-06T04:52:07.012+0000] {processor.py:914} INFO - Processing file /opt/airflow/dags/multiple_task.py for tasks to queue
[2024-10-06T04:52:07.014+0000] {logging_mixin.py:190} INFO - [2024-10-06T04:52:07.013+0000] {dagbag.py:588} INFO - Filling up the DagBag from /opt/airflow/dags/multiple_task.py
[2024-10-06T04:52:07.023+0000] {processor.py:925} INFO - DAG(s) 'multiple_tasks_irdam' retrieved from /opt/airflow/dags/multiple_task.py
[2024-10-06T04:52:07.033+0000] {logging_mixin.py:190} INFO - [2024-10-06T04:52:07.033+0000] {dag.py:3239} INFO - Sync 1 DAGs
[2024-10-06T04:52:07.054+0000] {logging_mixin.py:190} INFO - [2024-10-06T04:52:07.053+0000] {dag.py:4180} INFO - Setting next_dagrun for multiple_tasks_irdam to 2024-10-06 03:00:00+00:00, run_after=2024-10-06 04:00:00+00:00
[2024-10-06T04:52:07.072+0000] {processor.py:208} INFO - Processing /opt/airflow/dags/multiple_task.py took 0.067 seconds
[2024-10-06T04:52:37.571+0000] {processor.py:186} INFO - Started process (PID=5148) to work on /opt/airflow/dags/multiple_task.py
[2024-10-06T04:52:37.572+0000] {processor.py:914} INFO - Processing file /opt/airflow/dags/multiple_task.py for tasks to queue
[2024-10-06T04:52:37.574+0000] {logging_mixin.py:190} INFO - [2024-10-06T04:52:37.573+0000] {dagbag.py:588} INFO - Filling up the DagBag from /opt/airflow/dags/multiple_task.py
[2024-10-06T04:52:37.584+0000] {processor.py:925} INFO - DAG(s) 'multiple_tasks_irdam' retrieved from /opt/airflow/dags/multiple_task.py
[2024-10-06T04:52:37.600+0000] {logging_mixin.py:190} INFO - [2024-10-06T04:52:37.600+0000] {dag.py:3239} INFO - Sync 1 DAGs
[2024-10-06T04:52:37.618+0000] {logging_mixin.py:190} INFO - [2024-10-06T04:52:37.618+0000] {dag.py:4180} INFO - Setting next_dagrun for multiple_tasks_irdam to 2024-10-06 03:00:00+00:00, run_after=2024-10-06 04:00:00+00:00
[2024-10-06T04:52:37.639+0000] {processor.py:208} INFO - Processing /opt/airflow/dags/multiple_task.py took 0.072 seconds
[2024-10-06T04:53:07.842+0000] {processor.py:186} INFO - Started process (PID=5212) to work on /opt/airflow/dags/multiple_task.py
[2024-10-06T04:53:07.842+0000] {processor.py:914} INFO - Processing file /opt/airflow/dags/multiple_task.py for tasks to queue
[2024-10-06T04:53:07.844+0000] {logging_mixin.py:190} INFO - [2024-10-06T04:53:07.844+0000] {dagbag.py:588} INFO - Filling up the DagBag from /opt/airflow/dags/multiple_task.py
[2024-10-06T04:53:07.852+0000] {processor.py:925} INFO - DAG(s) 'multiple_tasks_irdam' retrieved from /opt/airflow/dags/multiple_task.py
[2024-10-06T04:53:07.868+0000] {logging_mixin.py:190} INFO - [2024-10-06T04:53:07.868+0000] {dag.py:3239} INFO - Sync 1 DAGs
[2024-10-06T04:53:07.887+0000] {logging_mixin.py:190} INFO - [2024-10-06T04:53:07.886+0000] {dag.py:4180} INFO - Setting next_dagrun for multiple_tasks_irdam to 2024-10-06 03:00:00+00:00, run_after=2024-10-06 04:00:00+00:00
[2024-10-06T04:53:07.910+0000] {processor.py:208} INFO - Processing /opt/airflow/dags/multiple_task.py took 0.073 seconds
[2024-10-06T04:53:38.132+0000] {processor.py:186} INFO - Started process (PID=5276) to work on /opt/airflow/dags/multiple_task.py
[2024-10-06T04:53:38.133+0000] {processor.py:914} INFO - Processing file /opt/airflow/dags/multiple_task.py for tasks to queue
[2024-10-06T04:53:38.134+0000] {logging_mixin.py:190} INFO - [2024-10-06T04:53:38.134+0000] {dagbag.py:588} INFO - Filling up the DagBag from /opt/airflow/dags/multiple_task.py
[2024-10-06T04:53:38.142+0000] {processor.py:925} INFO - DAG(s) 'multiple_tasks_irdam' retrieved from /opt/airflow/dags/multiple_task.py
[2024-10-06T04:53:38.156+0000] {logging_mixin.py:190} INFO - [2024-10-06T04:53:38.156+0000] {dag.py:3239} INFO - Sync 1 DAGs
[2024-10-06T04:53:38.176+0000] {logging_mixin.py:190} INFO - [2024-10-06T04:53:38.175+0000] {dag.py:4180} INFO - Setting next_dagrun for multiple_tasks_irdam to 2024-10-06 03:00:00+00:00, run_after=2024-10-06 04:00:00+00:00
[2024-10-06T04:53:38.206+0000] {processor.py:208} INFO - Processing /opt/airflow/dags/multiple_task.py took 0.078 seconds
[2024-10-06T04:54:08.602+0000] {processor.py:186} INFO - Started process (PID=5340) to work on /opt/airflow/dags/multiple_task.py
[2024-10-06T04:54:08.603+0000] {processor.py:914} INFO - Processing file /opt/airflow/dags/multiple_task.py for tasks to queue
[2024-10-06T04:54:08.605+0000] {logging_mixin.py:190} INFO - [2024-10-06T04:54:08.605+0000] {dagbag.py:588} INFO - Filling up the DagBag from /opt/airflow/dags/multiple_task.py
[2024-10-06T04:54:08.612+0000] {processor.py:925} INFO - DAG(s) 'multiple_tasks_irdam' retrieved from /opt/airflow/dags/multiple_task.py
[2024-10-06T04:54:08.629+0000] {logging_mixin.py:190} INFO - [2024-10-06T04:54:08.628+0000] {dag.py:3239} INFO - Sync 1 DAGs
[2024-10-06T04:54:08.651+0000] {logging_mixin.py:190} INFO - [2024-10-06T04:54:08.651+0000] {dag.py:4180} INFO - Setting next_dagrun for multiple_tasks_irdam to 2024-10-06 03:00:00+00:00, run_after=2024-10-06 04:00:00+00:00
[2024-10-06T04:54:08.679+0000] {processor.py:208} INFO - Processing /opt/airflow/dags/multiple_task.py took 0.081 seconds
[2024-10-06T04:54:38.842+0000] {processor.py:186} INFO - Started process (PID=5404) to work on /opt/airflow/dags/multiple_task.py
[2024-10-06T04:54:38.842+0000] {processor.py:914} INFO - Processing file /opt/airflow/dags/multiple_task.py for tasks to queue
[2024-10-06T04:54:38.844+0000] {logging_mixin.py:190} INFO - [2024-10-06T04:54:38.843+0000] {dagbag.py:588} INFO - Filling up the DagBag from /opt/airflow/dags/multiple_task.py
[2024-10-06T04:54:38.851+0000] {processor.py:925} INFO - DAG(s) 'multiple_tasks_irdam' retrieved from /opt/airflow/dags/multiple_task.py
[2024-10-06T04:54:38.868+0000] {logging_mixin.py:190} INFO - [2024-10-06T04:54:38.868+0000] {dag.py:3239} INFO - Sync 1 DAGs
[2024-10-06T04:54:38.888+0000] {logging_mixin.py:190} INFO - [2024-10-06T04:54:38.888+0000] {dag.py:4180} INFO - Setting next_dagrun for multiple_tasks_irdam to 2024-10-06 03:00:00+00:00, run_after=2024-10-06 04:00:00+00:00
[2024-10-06T04:54:38.909+0000] {processor.py:208} INFO - Processing /opt/airflow/dags/multiple_task.py took 0.072 seconds
[2024-10-06T04:55:09.255+0000] {processor.py:186} INFO - Started process (PID=5468) to work on /opt/airflow/dags/multiple_task.py
[2024-10-06T04:55:09.256+0000] {processor.py:914} INFO - Processing file /opt/airflow/dags/multiple_task.py for tasks to queue
[2024-10-06T04:55:09.257+0000] {logging_mixin.py:190} INFO - [2024-10-06T04:55:09.257+0000] {dagbag.py:588} INFO - Filling up the DagBag from /opt/airflow/dags/multiple_task.py
[2024-10-06T04:55:09.265+0000] {processor.py:925} INFO - DAG(s) 'multiple_tasks_irdam' retrieved from /opt/airflow/dags/multiple_task.py
[2024-10-06T04:55:09.283+0000] {logging_mixin.py:190} INFO - [2024-10-06T04:55:09.283+0000] {dag.py:3239} INFO - Sync 1 DAGs
[2024-10-06T04:55:09.309+0000] {logging_mixin.py:190} INFO - [2024-10-06T04:55:09.309+0000] {dag.py:4180} INFO - Setting next_dagrun for multiple_tasks_irdam to 2024-10-06 03:00:00+00:00, run_after=2024-10-06 04:00:00+00:00
[2024-10-06T04:55:09.333+0000] {processor.py:208} INFO - Processing /opt/airflow/dags/multiple_task.py took 0.083 seconds
[2024-10-06T04:55:39.692+0000] {processor.py:186} INFO - Started process (PID=5533) to work on /opt/airflow/dags/multiple_task.py
[2024-10-06T04:55:39.693+0000] {processor.py:914} INFO - Processing file /opt/airflow/dags/multiple_task.py for tasks to queue
[2024-10-06T04:55:39.694+0000] {logging_mixin.py:190} INFO - [2024-10-06T04:55:39.694+0000] {dagbag.py:588} INFO - Filling up the DagBag from /opt/airflow/dags/multiple_task.py
[2024-10-06T04:55:39.702+0000] {processor.py:925} INFO - DAG(s) 'multiple_tasks_irdam' retrieved from /opt/airflow/dags/multiple_task.py
[2024-10-06T04:55:39.717+0000] {logging_mixin.py:190} INFO - [2024-10-06T04:55:39.717+0000] {dag.py:3239} INFO - Sync 1 DAGs
[2024-10-06T04:55:39.736+0000] {logging_mixin.py:190} INFO - [2024-10-06T04:55:39.735+0000] {dag.py:4180} INFO - Setting next_dagrun for multiple_tasks_irdam to 2024-10-06 03:00:00+00:00, run_after=2024-10-06 04:00:00+00:00
[2024-10-06T04:55:39.765+0000] {processor.py:208} INFO - Processing /opt/airflow/dags/multiple_task.py took 0.078 seconds
[2024-10-06T04:56:09.954+0000] {processor.py:186} INFO - Started process (PID=5597) to work on /opt/airflow/dags/multiple_task.py
[2024-10-06T04:56:09.954+0000] {processor.py:914} INFO - Processing file /opt/airflow/dags/multiple_task.py for tasks to queue
[2024-10-06T04:56:09.956+0000] {logging_mixin.py:190} INFO - [2024-10-06T04:56:09.956+0000] {dagbag.py:588} INFO - Filling up the DagBag from /opt/airflow/dags/multiple_task.py
[2024-10-06T04:56:09.964+0000] {processor.py:925} INFO - DAG(s) 'multiple_tasks_irdam' retrieved from /opt/airflow/dags/multiple_task.py
[2024-10-06T04:56:09.982+0000] {logging_mixin.py:190} INFO - [2024-10-06T04:56:09.981+0000] {dag.py:3239} INFO - Sync 1 DAGs
[2024-10-06T04:56:10.008+0000] {logging_mixin.py:190} INFO - [2024-10-06T04:56:10.008+0000] {dag.py:4180} INFO - Setting next_dagrun for multiple_tasks_irdam to 2024-10-06 03:00:00+00:00, run_after=2024-10-06 04:00:00+00:00
[2024-10-06T04:56:10.041+0000] {processor.py:208} INFO - Processing /opt/airflow/dags/multiple_task.py took 0.092 seconds
[2024-10-06T04:56:40.330+0000] {processor.py:186} INFO - Started process (PID=5661) to work on /opt/airflow/dags/multiple_task.py
[2024-10-06T04:56:40.330+0000] {processor.py:914} INFO - Processing file /opt/airflow/dags/multiple_task.py for tasks to queue
[2024-10-06T04:56:40.332+0000] {logging_mixin.py:190} INFO - [2024-10-06T04:56:40.332+0000] {dagbag.py:588} INFO - Filling up the DagBag from /opt/airflow/dags/multiple_task.py
[2024-10-06T04:56:40.339+0000] {processor.py:925} INFO - DAG(s) 'multiple_tasks_irdam' retrieved from /opt/airflow/dags/multiple_task.py
[2024-10-06T04:56:40.357+0000] {logging_mixin.py:190} INFO - [2024-10-06T04:56:40.357+0000] {dag.py:3239} INFO - Sync 1 DAGs
[2024-10-06T04:56:40.383+0000] {logging_mixin.py:190} INFO - [2024-10-06T04:56:40.383+0000] {dag.py:4180} INFO - Setting next_dagrun for multiple_tasks_irdam to 2024-10-06 03:00:00+00:00, run_after=2024-10-06 04:00:00+00:00
[2024-10-06T04:56:40.406+0000] {processor.py:208} INFO - Processing /opt/airflow/dags/multiple_task.py took 0.081 seconds
[2024-10-06T04:57:10.704+0000] {processor.py:186} INFO - Started process (PID=5725) to work on /opt/airflow/dags/multiple_task.py
[2024-10-06T04:57:10.705+0000] {processor.py:914} INFO - Processing file /opt/airflow/dags/multiple_task.py for tasks to queue
[2024-10-06T04:57:10.707+0000] {logging_mixin.py:190} INFO - [2024-10-06T04:57:10.706+0000] {dagbag.py:588} INFO - Filling up the DagBag from /opt/airflow/dags/multiple_task.py
[2024-10-06T04:57:10.714+0000] {processor.py:925} INFO - DAG(s) 'multiple_tasks_irdam' retrieved from /opt/airflow/dags/multiple_task.py
[2024-10-06T04:57:10.732+0000] {logging_mixin.py:190} INFO - [2024-10-06T04:57:10.732+0000] {dag.py:3239} INFO - Sync 1 DAGs
[2024-10-06T04:57:10.758+0000] {logging_mixin.py:190} INFO - [2024-10-06T04:57:10.757+0000] {dag.py:4180} INFO - Setting next_dagrun for multiple_tasks_irdam to 2024-10-06 03:00:00+00:00, run_after=2024-10-06 04:00:00+00:00
[2024-10-06T04:57:10.799+0000] {processor.py:208} INFO - Processing /opt/airflow/dags/multiple_task.py took 0.099 seconds
[2024-10-06T04:57:41.183+0000] {processor.py:186} INFO - Started process (PID=5789) to work on /opt/airflow/dags/multiple_task.py
[2024-10-06T04:57:41.183+0000] {processor.py:914} INFO - Processing file /opt/airflow/dags/multiple_task.py for tasks to queue
[2024-10-06T04:57:41.185+0000] {logging_mixin.py:190} INFO - [2024-10-06T04:57:41.185+0000] {dagbag.py:588} INFO - Filling up the DagBag from /opt/airflow/dags/multiple_task.py
[2024-10-06T04:57:41.193+0000] {processor.py:925} INFO - DAG(s) 'multiple_tasks_irdam' retrieved from /opt/airflow/dags/multiple_task.py
[2024-10-06T04:57:41.208+0000] {logging_mixin.py:190} INFO - [2024-10-06T04:57:41.207+0000] {dag.py:3239} INFO - Sync 1 DAGs
[2024-10-06T04:57:41.226+0000] {logging_mixin.py:190} INFO - [2024-10-06T04:57:41.226+0000] {dag.py:4180} INFO - Setting next_dagrun for multiple_tasks_irdam to 2024-10-06 03:00:00+00:00, run_after=2024-10-06 04:00:00+00:00
[2024-10-06T04:57:41.256+0000] {processor.py:208} INFO - Processing /opt/airflow/dags/multiple_task.py took 0.077 seconds
[2024-10-06T04:58:11.838+0000] {processor.py:186} INFO - Started process (PID=5853) to work on /opt/airflow/dags/multiple_task.py
[2024-10-06T04:58:11.838+0000] {processor.py:914} INFO - Processing file /opt/airflow/dags/multiple_task.py for tasks to queue
[2024-10-06T04:58:11.840+0000] {logging_mixin.py:190} INFO - [2024-10-06T04:58:11.840+0000] {dagbag.py:588} INFO - Filling up the DagBag from /opt/airflow/dags/multiple_task.py
[2024-10-06T04:58:11.849+0000] {processor.py:925} INFO - DAG(s) 'multiple_tasks_irdam' retrieved from /opt/airflow/dags/multiple_task.py
[2024-10-06T04:58:11.866+0000] {logging_mixin.py:190} INFO - [2024-10-06T04:58:11.866+0000] {dag.py:3239} INFO - Sync 1 DAGs
[2024-10-06T04:58:11.886+0000] {logging_mixin.py:190} INFO - [2024-10-06T04:58:11.885+0000] {dag.py:4180} INFO - Setting next_dagrun for multiple_tasks_irdam to 2024-10-06 03:00:00+00:00, run_after=2024-10-06 04:00:00+00:00
[2024-10-06T04:58:11.908+0000] {processor.py:208} INFO - Processing /opt/airflow/dags/multiple_task.py took 0.074 seconds
[2024-10-06T04:58:42.453+0000] {processor.py:186} INFO - Started process (PID=5917) to work on /opt/airflow/dags/multiple_task.py
[2024-10-06T04:58:42.453+0000] {processor.py:914} INFO - Processing file /opt/airflow/dags/multiple_task.py for tasks to queue
[2024-10-06T04:58:42.455+0000] {logging_mixin.py:190} INFO - [2024-10-06T04:58:42.455+0000] {dagbag.py:588} INFO - Filling up the DagBag from /opt/airflow/dags/multiple_task.py
[2024-10-06T04:58:42.465+0000] {processor.py:925} INFO - DAG(s) 'multiple_tasks_irdam' retrieved from /opt/airflow/dags/multiple_task.py
[2024-10-06T04:58:42.489+0000] {logging_mixin.py:190} INFO - [2024-10-06T04:58:42.489+0000] {dag.py:3239} INFO - Sync 1 DAGs
[2024-10-06T04:58:42.519+0000] {logging_mixin.py:190} INFO - [2024-10-06T04:58:42.519+0000] {dag.py:4180} INFO - Setting next_dagrun for multiple_tasks_irdam to 2024-10-06 03:00:00+00:00, run_after=2024-10-06 04:00:00+00:00
[2024-10-06T04:58:42.549+0000] {processor.py:208} INFO - Processing /opt/airflow/dags/multiple_task.py took 0.102 seconds
[2024-10-06T04:59:12.773+0000] {processor.py:186} INFO - Started process (PID=5981) to work on /opt/airflow/dags/multiple_task.py
[2024-10-06T04:59:12.774+0000] {processor.py:914} INFO - Processing file /opt/airflow/dags/multiple_task.py for tasks to queue
[2024-10-06T04:59:12.776+0000] {logging_mixin.py:190} INFO - [2024-10-06T04:59:12.775+0000] {dagbag.py:588} INFO - Filling up the DagBag from /opt/airflow/dags/multiple_task.py
[2024-10-06T04:59:12.785+0000] {processor.py:925} INFO - DAG(s) 'multiple_tasks_irdam' retrieved from /opt/airflow/dags/multiple_task.py
[2024-10-06T04:59:12.806+0000] {logging_mixin.py:190} INFO - [2024-10-06T04:59:12.805+0000] {dag.py:3239} INFO - Sync 1 DAGs
[2024-10-06T04:59:12.824+0000] {logging_mixin.py:190} INFO - [2024-10-06T04:59:12.824+0000] {dag.py:4180} INFO - Setting next_dagrun for multiple_tasks_irdam to 2024-10-06 03:00:00+00:00, run_after=2024-10-06 04:00:00+00:00
[2024-10-06T04:59:12.844+0000] {processor.py:208} INFO - Processing /opt/airflow/dags/multiple_task.py took 0.076 seconds
[2024-10-06T04:59:43.296+0000] {processor.py:186} INFO - Started process (PID=6045) to work on /opt/airflow/dags/multiple_task.py
[2024-10-06T04:59:43.296+0000] {processor.py:914} INFO - Processing file /opt/airflow/dags/multiple_task.py for tasks to queue
[2024-10-06T04:59:43.298+0000] {logging_mixin.py:190} INFO - [2024-10-06T04:59:43.298+0000] {dagbag.py:588} INFO - Filling up the DagBag from /opt/airflow/dags/multiple_task.py
[2024-10-06T04:59:43.305+0000] {processor.py:925} INFO - DAG(s) 'multiple_tasks_irdam' retrieved from /opt/airflow/dags/multiple_task.py
[2024-10-06T04:59:43.324+0000] {logging_mixin.py:190} INFO - [2024-10-06T04:59:43.323+0000] {dag.py:3239} INFO - Sync 1 DAGs
[2024-10-06T04:59:43.349+0000] {logging_mixin.py:190} INFO - [2024-10-06T04:59:43.349+0000] {dag.py:4180} INFO - Setting next_dagrun for multiple_tasks_irdam to 2024-10-06 03:00:00+00:00, run_after=2024-10-06 04:00:00+00:00
[2024-10-06T04:59:43.383+0000] {processor.py:208} INFO - Processing /opt/airflow/dags/multiple_task.py took 0.092 seconds
[2024-10-06T05:00:14.072+0000] {processor.py:186} INFO - Started process (PID=6109) to work on /opt/airflow/dags/multiple_task.py
[2024-10-06T05:00:14.072+0000] {processor.py:914} INFO - Processing file /opt/airflow/dags/multiple_task.py for tasks to queue
[2024-10-06T05:00:14.074+0000] {logging_mixin.py:190} INFO - [2024-10-06T05:00:14.074+0000] {dagbag.py:588} INFO - Filling up the DagBag from /opt/airflow/dags/multiple_task.py
[2024-10-06T05:00:14.082+0000] {processor.py:925} INFO - DAG(s) 'multiple_tasks_irdam' retrieved from /opt/airflow/dags/multiple_task.py
[2024-10-06T05:00:14.097+0000] {logging_mixin.py:190} INFO - [2024-10-06T05:00:14.097+0000] {dag.py:3239} INFO - Sync 1 DAGs
[2024-10-06T05:00:14.117+0000] {logging_mixin.py:190} INFO - [2024-10-06T05:00:14.117+0000] {dag.py:4180} INFO - Setting next_dagrun for multiple_tasks_irdam to 2024-10-06 04:00:00+00:00, run_after=2024-10-06 05:00:00+00:00
[2024-10-06T05:00:14.137+0000] {processor.py:208} INFO - Processing /opt/airflow/dags/multiple_task.py took 0.070 seconds
[2024-10-06T05:00:44.377+0000] {processor.py:186} INFO - Started process (PID=6173) to work on /opt/airflow/dags/multiple_task.py
[2024-10-06T05:00:44.377+0000] {processor.py:914} INFO - Processing file /opt/airflow/dags/multiple_task.py for tasks to queue
[2024-10-06T05:00:44.379+0000] {logging_mixin.py:190} INFO - [2024-10-06T05:00:44.379+0000] {dagbag.py:588} INFO - Filling up the DagBag from /opt/airflow/dags/multiple_task.py
[2024-10-06T05:00:44.386+0000] {processor.py:925} INFO - DAG(s) 'multiple_tasks_irdam' retrieved from /opt/airflow/dags/multiple_task.py
[2024-10-06T05:00:44.401+0000] {logging_mixin.py:190} INFO - [2024-10-06T05:00:44.401+0000] {dag.py:3239} INFO - Sync 1 DAGs
[2024-10-06T05:00:44.427+0000] {logging_mixin.py:190} INFO - [2024-10-06T05:00:44.427+0000] {dag.py:4180} INFO - Setting next_dagrun for multiple_tasks_irdam to 2024-10-06 04:00:00+00:00, run_after=2024-10-06 05:00:00+00:00
[2024-10-06T05:00:44.453+0000] {processor.py:208} INFO - Processing /opt/airflow/dags/multiple_task.py took 0.082 seconds
